Using pre-set license
Built from '2020.3/release' branch; Version is '2020.3.1f1 (77a89f25062f) revision 7841951'; Using compiler version '192528614'; Build Type 'Release'
OS: 'Windows 10 Enterprise; OS build 18363.900; Version 1909; 64bit' Language: 'en' Physical Memory: 32716 MB
BatchMode: 1, IsHumanControllingUs: 0, StartBugReporterOnCrash: 0, Is64bit: 1, IsPro: 0

 COMMAND LINE ARGUMENTS:
C:\Program Files\Unity\Hub\Editor\2020.3.1f1\Editor\Unity.exe
-adb2
-batchMode
-noUpm
-name
AssetImportWorker1
-projectPath
D:/GitHub/MarsProject/Mars3
-logFile
Logs/AssetImportWorker1.log
-srvPort
56676
Successfully changed project path to: D:/GitHub/MarsProject/Mars3
D:/GitHub/MarsProject/Mars3
Using Asset Import Pipeline V2.
Refreshing native plugins compatible for Editor in 121.02 ms, found 0 plugins.
Preloading 0 native plugins for Editor in 0.00 ms.
Initialize engine version: 2020.3.1f1 (77a89f25062f)
[Subsystems] Discovering subsystems at path C:/Program Files/Unity/Hub/Editor/2020.3.1f1/Editor/Data/Resources/UnitySubsystems
[Subsystems] Discovering subsystems at path D:/GitHub/MarsProject/Mars3/Assets
GfxDevice: creating device client; threaded=0
Direct3D:
    Version:  Direct3D 11.0 [level 11.1]
    Renderer: NVIDIA GeForce GTX 1080 Ti (ID=0x1b06)
    Vendor:   
    VRAM:     11127 MB
    Driver:   27.21.14.6192
Initialize mono
Mono path[0] = 'C:/Program Files/Unity/Hub/Editor/2020.3.1f1/Editor/Data/Managed'
Mono path[1] = 'C:/Program Files/Unity/Hub/Editor/2020.3.1f1/Editor/Data/MonoBleedingEdge/lib/mono/unityjit'
Mono config path = 'C:/Program Files/Unity/Hub/Editor/2020.3.1f1/Editor/Data/MonoBleedingEdge/etc'
Using monoOptions --debugger-agent=transport=dt_socket,embedding=1,server=y,suspend=n,address=127.0.0.1:56004
Begin MonoManager ReloadAssembly
Registering precompiled unity dll's ...
Register platform support module: C:/Program Files/Unity/Hub/Editor/2020.3.1f1/Editor/Data/PlaybackEngines/WebGLSupport/UnityEditor.WebGL.Extensions.dll
Register platform support module: C:/Program Files/Unity/Hub/Editor/2020.3.1f1/Editor/Data/PlaybackEngines/WindowsStandaloneSupport/UnityEditor.WindowsStandalone.Extensions.dll
Registered in 0.012687 seconds.
Native extension for WindowsStandalone target not found
Native extension for WebGL target not found
Refreshing native plugins compatible for Editor in 119.29 ms, found 0 plugins.
Preloading 0 native plugins for Editor in 0.00 ms.
Invoked RoslynAnalysisRunner static constructor.
RoslynAnalysisRunner will not be running.
RoslynAnalysisRunner has terminated.
Mono: successfully reloaded assembly
- Completed reload, in  5.509 seconds
Platform modules already initialized, skipping
Registering precompiled user dll's ...
Registered in 0.002226 seconds.
Begin MonoManager ReloadAssembly
Native extension for WindowsStandalone target not found
Native extension for WebGL target not found
Refreshing native plugins compatible for Editor in 0.79 ms, found 0 plugins.
Preloading 0 native plugins for Editor in 0.00 ms.
Invoked RoslynAnalysisRunner static constructor.
RoslynAnalysisRunner will not be running.
RoslynAnalysisRunner has terminated.
Mono: successfully reloaded assembly
- Completed reload, in  4.209 seconds
Platform modules already initialized, skipping
========================================================================
Worker process is ready to serve import requests
Launched and connected shader compiler UnityShaderCompiler.exe after 0.56 seconds
Refreshing native plugins compatible for Editor in 0.60 ms, found 0 plugins.
Preloading 0 native plugins for Editor in 0.00 ms.
Unloading 1113 Unused Serialized files (Serialized files now loaded: 0)
System memory in use before: 56.9 MB.
System memory in use after: 57.0 MB.

Unloading 10 unused Assets to reduce memory usage. Loaded Objects now: 1555.
Total: 5.766000 ms (FindLiveObjects: 0.531300 ms CreateObjectMapping: 0.165000 ms MarkObjects: 4.773600 ms  DeleteObjects: 0.294200 ms)

========================================================================
Received Import Request.
  path: Assets
  artifactKey: Guid(00000000000000001000000000000000) Importer(815301076,1909f56bfc062723c751e8b465ee728b)
Start importing Assets using Guid(00000000000000001000000000000000) Importer(815301076,1909f56bfc062723c751e8b465ee728b)  -> (artifact id: 'a6374019befeac6ce670f13ba9960efb') in 0.027810 seconds
  Import took 0.036003 seconds .

========================================================================
Received Import Request.
  Time since last request: 4.923182 seconds.
  path: Assets/Textures
  artifactKey: Guid(f246b193d778e8c4895da342588d5f2f) Importer(815301076,1909f56bfc062723c751e8b465ee728b)
Start importing Assets/Textures using Guid(f246b193d778e8c4895da342588d5f2f) Importer(815301076,1909f56bfc062723c751e8b465ee728b)  -> (artifact id: '75d74efe2385fbd238309461a9309381') in 0.018603 seconds
  Import took 0.027997 seconds .

========================================================================
Received Import Request.
  Time since last request: 605.310728 seconds.
  path: Assets/Textures/Mars_23k_Color_v001.tif
  artifactKey: Guid(b6b3e2f80e72f0742aa52dc6bc0589ae) Importer(815301076,1909f56bfc062723c751e8b465ee728b)
Start importing Assets/Textures/Mars_23k_Color_v001.tif using Guid(b6b3e2f80e72f0742aa52dc6bc0589ae) Importer(815301076,1909f56bfc062723c751e8b465ee728b)  -> (artifact id: '6a7d48cc627b8b7394b5591cda6b67a0') in 0.581696 seconds
  Import took 0.591012 seconds .

========================================================================
Received Import Request.
  Time since last request: 0.000653 seconds.
  path: Assets/Textures/Mars_23k_Disp_v001.tif
  artifactKey: Guid(af3296f733874f04aac4410bf0023046) Importer(815301076,1909f56bfc062723c751e8b465ee728b)
Start importing Assets/Textures/Mars_23k_Disp_v001.tif using Guid(af3296f733874f04aac4410bf0023046) Importer(815301076,1909f56bfc062723c751e8b465ee728b)  -> (artifact id: 'd33e875a214f334d9ae92957c0d801bb') in 0.061381 seconds
  Import took 0.071427 seconds .

========================================================================
Received Import Request.
  Time since last request: 4.036998 seconds.
  path: Assets/Materials
  artifactKey: Guid(4c86320085cc49541adf72c1f2a3a917) Importer(815301076,1909f56bfc062723c751e8b465ee728b)
Start importing Assets/Materials using Guid(4c86320085cc49541adf72c1f2a3a917) Importer(815301076,1909f56bfc062723c751e8b465ee728b)  -> (artifact id: '6c446b154388bace7ea6153d95a8cb86') in 0.016526 seconds
  Import took 0.025437 seconds .

========================================================================
Received Import Request.
  Time since last request: 303.405862 seconds.
  path: Assets/Materials/NewSurfaceShader.shader
  artifactKey: Guid(d7942539be7f06b4195c94b2727b2653) Importer(815301076,1909f56bfc062723c751e8b465ee728b)
Start importing Assets/Materials/NewSurfaceShader.shader using Guid(d7942539be7f06b4195c94b2727b2653) Importer(815301076,1909f56bfc062723c751e8b465ee728b)  -> (artifact id: '42661f4fec48f8b3015d9ff5ced78dc4') in 0.038754 seconds
  Import took 0.047412 seconds .

========================================================================
Received Import Request.
  Time since last request: 0.004151 seconds.
  path: Assets/Materials/NewSurfaceShader.shader
  artifactKey: Guid(d7942539be7f06b4195c94b2727b2653) Importer(815301076,1909f56bfc062723c751e8b465ee728b)
Start importing Assets/Materials/NewSurfaceShader.shader using Guid(d7942539be7f06b4195c94b2727b2653) Importer(815301076,1909f56bfc062723c751e8b465ee728b)  -> (artifact id: '42661f4fec48f8b3015d9ff5ced78dc4') in 0.013676 seconds
  Import took 0.019390 seconds .

========================================================================
Received Import Request.
  Time since last request: 355.584893 seconds.
  path: Assets/Materials/New Material.mat
  artifactKey: Guid(35b9b7f2d2d34dc4189e41c24edea96e) Importer(815301076,1909f56bfc062723c751e8b465ee728b)
Start importing Assets/Materials/New Material.mat using Guid(35b9b7f2d2d34dc4189e41c24edea96e) Importer(815301076,1909f56bfc062723c751e8b465ee728b)  -> (artifact id: '7610c888b8c6434b29832db25d949732') in 0.282932 seconds
  Import took 0.291042 seconds .

========================================================================
Received Import Request.
  Time since last request: 223.089417 seconds.
  path: Assets/Materials/Mars.mat
  artifactKey: Guid(b949cdf3161395d4a9bd1b97caed6f23) Importer(815301076,1909f56bfc062723c751e8b465ee728b)
Start importing Assets/Materials/Mars.mat using Guid(b949cdf3161395d4a9bd1b97caed6f23) Importer(815301076,1909f56bfc062723c751e8b465ee728b)  -> (artifact id: 'ba7bf9a811d4605654e47538b79bc9b1') in 0.107359 seconds
  Import took 0.115316 seconds .

AssetImportWorkerClient::OnTransportError - code=2 error=End of file
